This is pdfTeX, Version 3.14159265-2.6-1.40.20 (MiKTeX 2.9.7050 64-bit) (preloaded format=pdflatex 2020.7.22)  19 OCT 2020 14:53
entering extended mode
**./Master_Thesis.tex
(Master_Thesis.tex
LaTeX2e <2018-12-01>

("C:\Users\grewenig\AppData\Local\Programs\MiKTeX 2.9\tex/latex/koma-script\scr
reprt.cls"
Document Class: scrreprt 2020/04/19 v3.30 KOMA-Script document class (report)

("C:\Users\grewenig\AppData\Local\Programs\MiKTeX 2.9\tex/latex/koma-script\scr
kbase.sty"
Package: scrkbase 2020/04/19 v3.30 KOMA-Script package (KOMA-Script-dependent b
asics and keyval usage)

("C:\Users\grewenig\AppData\Local\Programs\MiKTeX 2.9\tex/latex/koma-script\scr
base.sty"
Package: scrbase 2020/04/19 v3.30 KOMA-Script package (KOMA-Script-independent 
basics and keyval usage)

("C:\Users\grewenig\AppData\Local\Programs\MiKTeX 2.9\tex/latex/graphics\keyval
.sty"
Package: keyval 2014/10/28 v1.15 key=value parser (DPC)
\KV@toks@=\toks14
)
("C:\Users\grewenig\AppData\Local\Programs\MiKTeX 2.9\tex/latex/koma-script\scr
lfile.sty"
Package: scrlfile 2020/04/19 v3.30 KOMA-Script package (loading files)
)))
("C:\Users\grewenig\AppData\Local\Programs\MiKTeX 2.9\tex/latex/koma-script\toc
basic.sty"
Package: tocbasic 2020/04/19 v3.30 KOMA-Script package (handling toc-files)
\scr@dte@tocline@numberwidth=\skip41
\scr@dte@tocline@numbox=\box27
)
Package tocbasic Info: omitting babel extension for `toc'
(tocbasic)             because of feature `nobabel' available
(tocbasic)             for `toc' on input line 137.


Class scrreprt Warning: deprecated option `enabledeprecatedfontcommands'.
(scrreprt)              Note, that this option was already depreacted when
(scrreprt)              it has been defined. Support for old font commands
(scrreprt)              has been removed from KOMA-Script more than one
(scrreprt)              decade ago. It is not recommended to use them any
(scrreprt)              longer. Therefore usage of this class option also
(scrreprt)              is not recommended.

Class scrreprt Info: File `scrsize11pt.clo' used instead of
(scrreprt)           file `scrsize11.clo' to setup font sizes on input line 242
4.

("C:\Users\grewenig\AppData\Local\Programs\MiKTeX 2.9\tex/latex/koma-script\scr
size11pt.clo"
File: scrsize11pt.clo 2020/04/19 v3.30 KOMA-Script font size class option (11pt
)
)
("C:\Users\grewenig\AppData\Local\Programs\MiKTeX 2.9\tex/latex/koma-script\typ
earea.sty"
Package: typearea 2020/04/19 v3.30 KOMA-Script package (type area)
\ta@bcor=\skip42
\ta@div=\count80
Package typearea Info: You've used standard option `a4paper'.
(typearea)             This is correct!
(typearea)             Internally I'm using `paper=a4'.
(typearea)             If you'd like to set the option with \KOMAoptions,
(typearea)             you'd have to use `paper=a4' there
(typearea)             instead of `a4paper', too.
\ta@hblk=\skip43
\ta@vblk=\skip44
\ta@temp=\skip45
\footheight=\skip46
Package typearea Info: These are the values describing the layout:
(typearea)             DIV  = 10
(typearea)             BCOR = 0.0pt
(typearea)             \paperwidth      = 597.50793pt
(typearea)              \textwidth      = 418.25555pt
(typearea)              DIV departure   = -6%
(typearea)              \evensidemargin = 17.3562pt
(typearea)              \oddsidemargin  = 17.3562pt
(typearea)             \paperheight     = 845.04694pt
(typearea)              \textheight     = 595.80026pt
(typearea)              \topmargin      = -25.16531pt
(typearea)              \headheight     = 17.0pt
(typearea)              \headsep        = 20.40001pt
(typearea)              \topskip        = 11.0pt
(typearea)              \footskip       = 47.6pt
(typearea)              \baselineskip   = 13.6pt
(typearea)              on input line 1738.
)
\c@part=\count81
\c@chapter=\count82
\c@section=\count83
\c@subsection=\count84
\c@subsubsection=\count85
\c@paragraph=\count86
\c@subparagraph=\count87
\scr@dte@chapter@maxnumwidth=\skip47
Class scrreprt Info: using compatibility default `afterindent=bysign'
(scrreprt)           for `\chapter on input line 5588.
\scr@dte@section@maxnumwidth=\skip48
Class scrreprt Info: using compatibility default `runin=bysign'
(scrreprt)           for `\section on input line 5598.
Class scrreprt Info: using compatibility default `afterindent=bysign'
(scrreprt)           for `\section on input line 5598.
\scr@dte@part@maxnumwidth=\skip49
Class scrreprt Info: using compatibility default `afterindent=true'
(scrreprt)           for `\part on input line 5607.
\scr@dte@subsection@maxnumwidth=\skip50
Class scrreprt Info: using compatibility default `runin=bysign'
(scrreprt)           for `\subsection on input line 5617.
Class scrreprt Info: using compatibility default `afterindent=bysign'
(scrreprt)           for `\subsection on input line 5617.
\scr@dte@subsubsection@maxnumwidth=\skip51
Class scrreprt Info: using compatibility default `runin=bysign'
(scrreprt)           for `\subsubsection on input line 5627.
Class scrreprt Info: using compatibility default `afterindent=bysign'
(scrreprt)           for `\subsubsection on input line 5627.
\scr@dte@paragraph@maxnumwidth=\skip52
Class scrreprt Info: using compatibility default `runin=bysign'
(scrreprt)           for `\paragraph on input line 5637.
Class scrreprt Info: using compatibility default `afterindent=bysign'
(scrreprt)           for `\paragraph on input line 5637.
\scr@dte@subparagraph@maxnumwidth=\skip53
Class scrreprt Info: using compatibility default `runin=bysign'
(scrreprt)           for `\subparagraph on input line 5647.
Class scrreprt Info: using compatibility default `afterindent=bysign'
(scrreprt)           for `\subparagraph on input line 5647.
\abovecaptionskip=\skip54
\belowcaptionskip=\skip55
\c@pti@nb@sid@b@x=\box28
Package tocbasic Info: omitting babel extension for `lof'
(tocbasic)             because of feature `nobabel' available
(tocbasic)             for `lof' on input line 6883.
\scr@dte@figure@maxnumwidth=\skip56
\c@figure=\count88
Package tocbasic Info: omitting babel extension for `lot'
(tocbasic)             because of feature `nobabel' available
(tocbasic)             for `lot' on input line 6900.
\scr@dte@table@maxnumwidth=\skip57
\c@table=\count89
Class scrreprt Info: Redefining `\numberline' on input line 7069.
\bibindent=\dimen102
)
("C:\Users\grewenig\AppData\Local\Programs\MiKTeX 2.9\tex/latex/base\fontenc.st
y"
Package: fontenc 2018/08/11 v2.0j Standard LaTeX package

("C:\Users\grewenig\AppData\Local\Programs\MiKTeX 2.9\tex/latex/base\t1enc.def"
File: t1enc.def 2018/08/11 v2.0j Standard LaTeX file
LaTeX Font Info:    Redeclaring font encoding T1 on input line 48.
))
("C:\Users\grewenig\AppData\Local\Programs\MiKTeX 2.9\tex/latex/base\inputenc.s
ty"
Package: inputenc 2018/08/11 v1.3c Input encoding file
\inpenc@prehook=\toks15
\inpenc@posthook=\toks16

("C:\Users\grewenig\AppData\Local\Programs\MiKTeX 2.9\tex/latex/base\latin1.def
"
File: latin1.def 2018/08/11 v1.3c Input encoding file
))
("C:\Users\grewenig\AppData\Local\Programs\MiKTeX 2.9\tex/latex/fancyhdr\fancyh
eadings.sty"
Package: fancyheadings 2019/01/31 v3.10 Legacy package to call fancyhdr


Package fancyheadings Warning: Please stop using fancyheadings!
(fancyheadings)                Use fancyhdr instead.
(fancyheadings)                We will call fancyhdr with the very same
(fancyheadings)                options you passed to fancyheadings.
(fancyheadings)                
(fancyheadings)                fancyhdr is 99 percent compatible with
(fancyheadings)                fancyheadings. The only incompatibility is
(fancyheadings)                that \headrulewidth and \footrulewidth and
(fancyheadings)                their \plain... versions are no longer length
(fancyheadings)                parameters, but normal macros (to be changed
(fancyheadings)                with \renewcommand rather than \setlength)..


Class scrreprt Warning: Usage of package `fancyhdr' together
(scrreprt)              with a KOMA-Script class is not recommended.
(scrreprt)              I'd suggest to use 
(scrreprt)              package `scrlayer' or `scrlayer-scrpage', because
(scrreprt)              they support KOMA-Script classes.
(scrreprt)              With `fancyhdr' several features of class `scrreprt'
(scrreprt)              like options `headsepline', `footsepline' or command
(scrreprt)              `\MakeMarkcase' and the commands `\setkomafont' and
(scrreprt)              `\addtokomafont' for the page style elements need
(scrreprt)              explicite user intervention to work.
(scrreprt)              Nevertheless, using requested
(scrreprt)              package `fancyhdr' on input line 42.


("C:\Users\grewenig\AppData\Local\Programs\MiKTeX 2.9\tex/latex/fancyhdr\fancyh
dr.sty"
Package: fancyhdr 2019/01/31 v3.10 Extensive control of page headers and footer
s
\f@nch@headwidth=\skip58
\f@nch@O@elh=\skip59
\f@nch@O@erh=\skip60
\f@nch@O@olh=\skip61
\f@nch@O@orh=\skip62
\f@nch@O@elf=\skip63
\f@nch@O@erf=\skip64
\f@nch@O@olf=\skip65
\f@nch@O@orf=\skip66
))
("C:\Users\grewenig\AppData\Local\Programs\MiKTeX 2.9\tex/latex/acronym\acronym
.sty"
Package: acronym 2020/04/17 v1.47 Support for acronyms (Tobias Oetiker)

("C:\Users\grewenig\AppData\Local\Programs\MiKTeX 2.9\tex/latex/bigfoot\suffix.
sty"
Package: suffix 2006/07/15 1.5a Variant command support
)
("C:\Users\grewenig\AppData\Local\Programs\MiKTeX 2.9\tex/latex/xstring\xstring
.sty"
("C:\Users\grewenig\AppData\Local\Programs\MiKTeX 2.9\tex/generic/xstring\xstri
ng.tex"
\integerpart=\count90
\decimalpart=\count91
)
Package: xstring 2019/02/06 v1.83 String manipulations (CT)
)
("C:\Users\grewenig\AppData\Local\Programs\MiKTeX 2.9\tex/latex/relsize\relsize
.sty"
Package: relsize 2013/03/29 ver 4.1
)
\AC@clearlist=\toks17
)
("C:\Users\grewenig\AppData\Local\Programs\MiKTeX 2.9\tex/generic/babel\babel.s
ty"
Package: babel 2019/06/03 3.32 The Babel package

("C:\Users\grewenig\AppData\Local\Programs\MiKTeX 2.9\tex/generic/babel\switch.
def"
File: switch.def 2019/06/03 3.32 Babel switching mechanism
)
*************************************
* Local config file bblopts.cfg used
*

("C:\Users\grewenig\AppData\Local\Programs\MiKTeX 2.9\tex/latex/arabi\bblopts.c
fg"
File: bblopts.cfg 2005/09/08 v0.1 add Arabic and Farsi to "declared" options of
 babel
)
("C:\Users\grewenig\AppData\Local\Programs\MiKTeX 2.9\tex/latex/babel-german\ng
erman.ldf"
Language: ngerman 2018/12/08 v2.11 German support for babel (post-1996 orthogra
phy)

("C:\Users\grewenig\AppData\Local\Programs\MiKTeX 2.9\tex/latex/babel-german\ng
ermanb.ldf"
Language: ngermanb 2018/12/08 v2.11 German support for babel (post-1996 orthogr
aphy)

("C:\Users\grewenig\AppData\Local\Programs\MiKTeX 2.9\tex/generic/babel\babel.d
ef"
File: babel.def 2019/06/03 3.32 Babel common definitions
\babel@savecnt=\count92
\U@D=\dimen103

("C:\Users\grewenig\AppData\Local\Programs\MiKTeX 2.9\tex/generic/babel\txtbabe
l.def")
\bbl@dirlevel=\count93
)
Package babel Info: Making " an active character on input line 121.
)))
("C:\Users\grewenig\AppData\Local\Programs\MiKTeX 2.9\tex/latex/fancybox\fancyb
ox.sty"
Package: fancybox 2010/05/15 1.4

Style option: `fancybox' v1.4 <2010/05/15> (tvz)
\@fancybox=\box29
\shadowsize=\dimen104
\@Sbox=\box30
\do@VerbBox=\toks18
\the@fancyput=\toks19
\this@fancyput=\toks20
\EndVerbatimTokens=\toks21
\Verbatim@Outfile=\write3
\Verbatim@Infile=\read1
)
("C:\Users\grewenig\AppData\Local\Programs\MiKTeX 2.9\tex/latex/endnotes\endnot
es.sty"
Package: endnotes 2020-01-02 endnotes package
\c@endnote=\count94
\endnotesep=\dimen105
\@enotes=\write4
)
("C:\Users\grewenig\AppData\Local\Programs\MiKTeX 2.9\tex/latex/oberdiek\pdflsc
ape.sty"
Package: pdflscape 2016/05/14 v0.11 Display of landscape pages in PDF (HO)

("C:\Users\grewenig\AppData\Local\Programs\MiKTeX 2.9\tex/latex/graphics\lscape
.sty"
Package: lscape 2000/10/22 v3.01 Landscape Pages (DPC)

("C:\Users\grewenig\AppData\Local\Programs\MiKTeX 2.9\tex/latex/graphics\graphi
cs.sty"
Package: graphics 2017/06/25 v1.2c Standard LaTeX Graphics (DPC,SPQR)

("C:\Users\grewenig\AppData\Local\Programs\MiKTeX 2.9\tex/latex/graphics\trig.s
ty"
Package: trig 2016/01/03 v1.10 sin cos tan (DPC)
)
("C:\Users\grewenig\AppData\Local\Programs\MiKTeX 2.9\tex/latex/graphics-cfg\gr
aphics.cfg"
File: graphics.cfg 2016/06/04 v1.11 sample graphics configuration
)
Package graphics Info: Driver file: pdftex.def on input line 99.

("C:\Users\grewenig\AppData\Local\Programs\MiKTeX 2.9\tex/latex/graphics-def\pd
ftex.def"
File: pdftex.def 2018/01/08 v1.0l Graphics/color driver for pdftex
)))
("C:\Users\grewenig\AppData\Local\Programs\MiKTeX 2.9\tex/generic/oberdiek\ifpd
f.sty"
Package: ifpdf 2018/09/07 v3.3 Provides the ifpdf switch
)
Package pdflscape Info: Auto-detected driver: pdftex on input line 81.

("C:\Users\grewenig\AppData\Local\Programs\MiKTeX 2.9\tex/generic/ifxetex\ifxet
ex.sty"
Package: ifxetex 2010/09/12 v0.6 Provides ifxetex conditional
))
("C:\Users\grewenig\AppData\Local\Programs\MiKTeX 2.9\tex/latex/pdfpages\pdfpag
es.sty"
Package: pdfpages 2020/01/28 v0.5q Insert pages of external PDF documents (AM)

("C:\Users\grewenig\AppData\Local\Programs\MiKTeX 2.9\tex/latex/base\ifthen.sty
"
Package: ifthen 2014/09/29 v1.1c Standard LaTeX ifthen package (DPC)
)
("C:\Users\grewenig\AppData\Local\Programs\MiKTeX 2.9\tex/latex/tools\calc.sty"
Package: calc 2017/05/25 v4.3 Infix arithmetic (KKT,FJ)
\calc@Acount=\count95
\calc@Bcount=\count96
\calc@Adimen=\dimen106
\calc@Bdimen=\dimen107
\calc@Askip=\skip67
\calc@Bskip=\skip68
LaTeX Info: Redefining \setlength on input line 80.
LaTeX Info: Redefining \addtolength on input line 81.
\calc@Ccount=\count97
\calc@Cskip=\skip69
)
("C:\Users\grewenig\AppData\Local\Programs\MiKTeX 2.9\tex/latex/eso-pic\eso-pic
.sty"
Package: eso-pic 2018/04/12 v2.0h eso-pic (RN)

("C:\Users\grewenig\AppData\Local\Programs\MiKTeX 2.9\tex/generic/oberdiek\atbe
gshi.sty"
Package: atbegshi 2016/06/09 v1.18 At begin shipout hook (HO)

("C:\Users\grewenig\AppData\Local\Programs\MiKTeX 2.9\tex/generic/oberdiek\infw
arerr.sty"
Package: infwarerr 2016/05/16 v1.4 Providing info/warning/error messages (HO)
)
("C:\Users\grewenig\AppData\Local\Programs\MiKTeX 2.9\tex/generic/oberdiek\ltxc
mds.sty"
Package: ltxcmds 2016/05/16 v1.23 LaTeX kernel commands for general use (HO)
))
("C:\Users\grewenig\AppData\Local\Programs\MiKTeX 2.9\tex/latex/xcolor\xcolor.s
ty"
Package: xcolor 2016/05/11 v2.12 LaTeX color extensions (UK)

("C:\Users\grewenig\AppData\Local\Programs\MiKTeX 2.9\tex/latex/graphics-cfg\co
lor.cfg"
File: color.cfg 2016/01/02 v1.6 sample color configuration
)
Package xcolor Info: Driver file: pdftex.def on input line 225.
Package xcolor Info: Model `cmy' substituted by `cmy0' on input line 1348.
Package xcolor Info: Model `hsb' substituted by `rgb' on input line 1352.
Package xcolor Info: Model `RGB' extended on input line 1364.
Package xcolor Info: Model `HTML' substituted by `rgb' on input line 1366.
Package xcolor Info: Model `Hsb' substituted by `hsb' on input line 1367.
Package xcolor Info: Model `tHsb' substituted by `hsb' on input line 1368.
Package xcolor Info: Model `HSB' substituted by `hsb' on input line 1369.
Package xcolor Info: Model `Gray' substituted by `gray' on input line 1370.
Package xcolor Info: Model `wave' substituted by `hsb' on input line 1371.
))
("C:\Users\grewenig\AppData\Local\Programs\MiKTeX 2.9\tex/latex/graphics\graphi
cx.sty"
Package: graphicx 2017/06/01 v1.1a Enhanced LaTeX Graphics (DPC,SPQR)
\Gin@req@height=\dimen108
\Gin@req@width=\dimen109
)
\AM@pagewidth=\dimen110
\AM@pageheight=\dimen111

("C:\Users\grewenig\AppData\Local\Programs\MiKTeX 2.9\tex/latex/pdfpages\pppdft
ex.def"
File: pppdftex.def 2020/01/28 v0.5q Pdfpages driver for pdfTeX (AM)
)
\AM@pagebox=\box31
\AM@global@opts=\toks22
\AM@pagecnt=\count98
\AM@toc@title=\toks23
\c@AM@survey=\count99
\AM@templatesizebox=\box32
)
("C:\Users\grewenig\AppData\Local\Programs\MiKTeX 2.9\tex/latex/hyperref\hyperr
ef.sty"
Package: hyperref 2018/11/30 v6.88e Hypertext links for LaTeX

("C:\Users\grewenig\AppData\Local\Programs\MiKTeX 2.9\tex/generic/oberdiek\hobs
ub-hyperref.sty"
Package: hobsub-hyperref 2016/05/16 v1.14 Bundle oberdiek, subset hyperref (HO)


("C:\Users\grewenig\AppData\Local\Programs\MiKTeX 2.9\tex/generic/oberdiek\hobs
ub-generic.sty"
Package: hobsub-generic 2016/05/16 v1.14 Bundle oberdiek, subset generic (HO)
Package: hobsub 2016/05/16 v1.14 Construct package bundles (HO)
Package hobsub Info: Skipping package `infwarerr' (already loaded).
Package hobsub Info: Skipping package `ltxcmds' (already loaded).
Package: ifluatex 2016/05/16 v1.4 Provides the ifluatex switch (HO)
Package ifluatex Info: LuaTeX not detected.
Package: ifvtex 2016/05/16 v1.6 Detect VTeX and its facilities (HO)
Package ifvtex Info: VTeX not detected.
Package: intcalc 2016/05/16 v1.2 Expandable calculations with integers (HO)
Package hobsub Info: Skipping package `ifpdf' (already loaded).
Package: etexcmds 2016/05/16 v1.6 Avoid name clashes with e-TeX commands (HO)
Package: kvsetkeys 2016/05/16 v1.17 Key value parser (HO)
Package: kvdefinekeys 2016/05/16 v1.4 Define keys (HO)
Package: pdftexcmds 2018/09/10 v0.29 Utility functions of pdfTeX for LuaTeX (HO
)
Package pdftexcmds Info: LuaTeX not detected.
Package pdftexcmds Info: \pdf@primitive is available.
Package pdftexcmds Info: \pdf@ifprimitive is available.
Package pdftexcmds Info: \pdfdraftmode found.
Package: pdfescape 2016/05/16 v1.14 Implements pdfTeX's escape features (HO)
Package: bigintcalc 2016/05/16 v1.4 Expandable calculations on big integers (HO
)
Package: bitset 2016/05/16 v1.2 Handle bit-vector datatype (HO)
Package: uniquecounter 2016/05/16 v1.3 Provide unlimited unique counter (HO)
)
Package hobsub Info: Skipping package `hobsub' (already loaded).
Package: letltxmacro 2016/05/16 v1.5 Let assignment for LaTeX macros (HO)
Package: hopatch 2016/05/16 v1.3 Wrapper for package hooks (HO)
Package: xcolor-patch 2016/05/16 xcolor patch
Package: atveryend 2016/05/16 v1.9 Hooks at the very end of document (HO)
Package atveryend Info: \enddocument detected (standard20110627).
Package hobsub Info: Skipping package `atbegshi' (already loaded).
Package: refcount 2016/05/16 v3.5 Data extraction from label references (HO)
Package: hycolor 2016/05/16 v1.8 Color options for hyperref/bookmark (HO)
)
("C:\Users\grewenig\AppData\Local\Programs\MiKTeX 2.9\tex/latex/oberdiek\auxhoo
k.sty"
Package: auxhook 2016/05/16 v1.4 Hooks for auxiliary files (HO)
)
("C:\Users\grewenig\AppData\Local\Programs\MiKTeX 2.9\tex/latex/oberdiek\kvopti
ons.sty"
Package: kvoptions 2016/05/16 v3.12 Key value format for package options (HO)
)
\@linkdim=\dimen112
\Hy@linkcounter=\count100
\Hy@pagecounter=\count101

("C:\Users\grewenig\AppData\Local\Programs\MiKTeX 2.9\tex/latex/hyperref\pd1enc
.def"
File: pd1enc.def 2018/11/30 v6.88e Hyperref: PDFDocEncoding definition (HO)
Now handling font encoding PD1 ...
... no UTF-8 mapping file for font encoding PD1
)
\Hy@SavedSpaceFactor=\count102

("C:\Users\grewenig\AppData\Local\Programs\MiKTeX 2.9\tex/latex/00miktex\hyperr
ef.cfg"
File: hyperref.cfg 2002/06/06 v1.2 hyperref configuration of TeXLive
)
Package hyperref Info: Hyper figures OFF on input line 4519.
Package hyperref Info: Link nesting OFF on input line 4524.
Package hyperref Info: Hyper index ON on input line 4527.
Package hyperref Info: Plain pages OFF on input line 4534.
Package hyperref Info: Backreferencing OFF on input line 4539.
Package hyperref Info: Implicit mode ON; LaTeX internals redefined.
Package hyperref Info: Bookmarks ON on input line 4772.
\c@Hy@tempcnt=\count103

("C:\Users\grewenig\AppData\Local\Programs\MiKTeX 2.9\tex/latex/url\url.sty"
\Urlmuskip=\muskip10
Package: url 2013/09/16  ver 3.4  Verb mode for urls, etc.
)
LaTeX Info: Redefining \url on input line 5125.
\XeTeXLinkMargin=\dimen113
\Fld@menulength=\count104
\Field@Width=\dimen114
\Fld@charsize=\dimen115
Package hyperref Info: Hyper figures OFF on input line 6380.
Package hyperref Info: Link nesting OFF on input line 6385.
Package hyperref Info: Hyper index ON on input line 6388.
Package hyperref Info: backreferencing OFF on input line 6395.
Package hyperref Info: Link coloring OFF on input line 6400.
Package hyperref Info: Link coloring with OCG OFF on input line 6405.
Package hyperref Info: PDF/A mode OFF on input line 6410.
LaTeX Info: Redefining \ref on input line 6450.
LaTeX Info: Redefining \pageref on input line 6454.
\Hy@abspage=\count105
\c@Item=\count106
\c@Hfootnote=\count107
)
Package hyperref Info: Driver (autodetected): hpdftex.

("C:\Users\grewenig\AppData\Local\Programs\MiKTeX 2.9\tex/latex/hyperref\hpdfte
x.def"
File: hpdftex.def 2018/11/30 v6.88e Hyperref driver for pdfTeX
\Fld@listcount=\count108
\c@bookmark@seq@number=\count109

("C:\Users\grewenig\AppData\Local\Programs\MiKTeX 2.9\tex/latex/oberdiek\rerunf
ilecheck.sty"
Package: rerunfilecheck 2016/05/16 v1.8 Rerun checks for auxiliary files (HO)
Package uniquecounter Info: New unique counter `rerunfilecheck' on input line 2
82.
)
\Hy@SectionHShift=\skip70
)
("C:\Users\grewenig\AppData\Local\Programs\MiKTeX 2.9\tex/latex/amsmath\amsmath
.sty"
Package: amsmath 2018/12/01 v2.17b AMS math features
\@mathmargin=\skip71

For additional information on amsmath, use the `?' option.

("C:\Users\grewenig\AppData\Local\Programs\MiKTeX 2.9\tex/latex/amsmath\amstext
.sty"
Package: amstext 2000/06/29 v2.01 AMS text

("C:\Users\grewenig\AppData\Local\Programs\MiKTeX 2.9\tex/latex/amsmath\amsgen.
sty"
File: amsgen.sty 1999/11/30 v2.0 generic functions
\@emptytoks=\toks24
\ex@=\dimen116
))
("C:\Users\grewenig\AppData\Local\Programs\MiKTeX 2.9\tex/latex/amsmath\amsbsy.
sty"
Package: amsbsy 1999/11/29 v1.2d Bold Symbols
\pmbraise@=\dimen117
)
("C:\Users\grewenig\AppData\Local\Programs\MiKTeX 2.9\tex/latex/amsmath\amsopn.
sty"
Package: amsopn 2016/03/08 v2.02 operator names
)
\inf@bad=\count110
LaTeX Info: Redefining \frac on input line 223.
\uproot@=\count111
\leftroot@=\count112
LaTeX Info: Redefining \overline on input line 385.
\classnum@=\count113
\DOTSCASE@=\count114
LaTeX Info: Redefining \ldots on input line 482.
LaTeX Info: Redefining \dots on input line 485.
LaTeX Info: Redefining \cdots on input line 606.
\Mathstrutbox@=\box33
\strutbox@=\box34
\big@size=\dimen118
LaTeX Font Info:    Redeclaring font encoding OML on input line 729.
LaTeX Font Info:    Redeclaring font encoding OMS on input line 730.
\macc@depth=\count115
\c@MaxMatrixCols=\count116
\dotsspace@=\muskip11
\c@parentequation=\count117
\dspbrk@lvl=\count118
\tag@help=\toks25
\row@=\count119
\column@=\count120
\maxfields@=\count121
\andhelp@=\toks26
\eqnshift@=\dimen119
\alignsep@=\dimen120
\tagshift@=\dimen121
\tagwidth@=\dimen122
\totwidth@=\dimen123
\lineht@=\dimen124
\@envbody=\toks27
\multlinegap=\skip72
\multlinetaggap=\skip73
\mathdisplay@stack=\toks28
LaTeX Info: Redefining \[ on input line 2844.
LaTeX Info: Redefining \] on input line 2845.
)
("C:\Users\grewenig\AppData\Local\Programs\MiKTeX 2.9\tex/latex/esint\esint.sty
"
Package: esint 
\symlargesymbolsA=\mathgroup4
)
("C:\Users\grewenig\AppData\Local\Programs\MiKTeX 2.9\tex/latex/amsfonts\amsfon
ts.sty"
Package: amsfonts 2013/01/14 v3.01 Basic AMSFonts support
\symAMSa=\mathgroup5
\symAMSb=\mathgroup6
LaTeX Font Info:    Overwriting math alphabet `\mathfrak' in version `bold'
(Font)                  U/euf/m/n --> U/euf/b/n on input line 106.
)
("C:\Users\grewenig\AppData\Local\Programs\MiKTeX 2.9\tex/latex/amsfonts\amssym
b.sty"
Package: amssymb 2013/01/14 v3.01 AMS font symbols
)
("C:\Users\grewenig\AppData\Local\Programs\MiKTeX 2.9\tex/latex/jknappen\mathrs
fs.sty"
Package: mathrsfs 1996/01/01 Math RSFS package v1.0 (jk)
\symrsfs=\mathgroup7
)
("C:\Users\grewenig\AppData\Local\Programs\MiKTeX 2.9\tex/latex/bbm\bbm.sty"
Package: bbm 1999/03/15 V 1.2 provides fonts for set symbols - TH
LaTeX Font Info:    Overwriting math alphabet `\mathbbm' in version `bold'
(Font)                  U/bbm/m/n --> U/bbm/bx/n on input line 33.
LaTeX Font Info:    Overwriting math alphabet `\mathbbmss' in version `bold'
(Font)                  U/bbmss/m/n --> U/bbmss/bx/n on input line 35.
)
("C:\Users\grewenig\AppData\Local\Programs\MiKTeX 2.9\tex/latex/cancel\cancel.s
ty"
Package: cancel 2013/04/12 v2.2 Cancel math terms
)
("C:\Users\grewenig\AppData\Local\Programs\MiKTeX 2.9\tex/latex/trfsigns\trfsig
ns.sty"
Package: trfsigns 
)
("C:\Users\grewenig\AppData\Local\Programs\MiKTeX 2.9\tex/latex/algorithm2e\alg
orithm2e.sty"
Package: algorithm2e 2017/07/18 v5.2 algorithms environments
\c@AlgoLine=\count122
\algocf@hangindent=\skip74

("C:\Users\grewenig\AppData\Local\Programs\MiKTeX 2.9\tex/latex/ifoddpage\ifodd
page.sty"
Package: ifoddpage 2016/04/23 v1.1 Conditionals for odd/even page detection
\c@checkoddpage=\count123
)
("C:\Users\grewenig\AppData\Local\Programs\MiKTeX 2.9\tex/latex/tools\xspace.st
y"
Package: xspace 2014/10/28 v1.13 Space after command names (DPC,MH)
)
\skiptotal=\skip75
\skiplinenumber=\skip76
\skiprule=\skip77
\skiphlne=\skip78
\skiptext=\skip79
\skiplength=\skip80
\algomargin=\skip81
\skipalgocfslide=\skip82
\algowidth=\dimen125
\inoutsize=\dimen126
\inoutindent=\dimen127
\interspacetitleruled=\dimen128
\interspacealgoruled=\dimen129
\interspacetitleboxruled=\dimen130
\algocf@ruledwidth=\skip83
\algocf@inoutbox=\box35
\algocf@inputbox=\box36
\AlCapSkip=\skip84
\AlCapHSkip=\skip85
\algoskipindent=\skip86
\algocf@nlbox=\box37
\algocf@hangingbox=\box38
\algocf@untilbox=\box39
\algocf@skipuntil=\skip87
\algocf@capbox=\box40
\algocf@lcaptionbox=\skip88
\algoheightruledefault=\skip89
\algoheightrule=\skip90
\algotitleheightruledefault=\skip91
\algotitleheightrule=\skip92
\c@algocfline=\count124
\c@algocfproc=\count125
\c@algocf=\count126
\algocf@algoframe=\box41
\algocf@algobox=\box42
)
("C:\Users\grewenig\AppData\Local\Programs\MiKTeX 2.9\tex/latex/was\upgreek.sty
"
Package: upgreek 2003/02/12 v2.0 (WaS)
Package upgreek Info: Using Euler Roman for upright Greek on input line 31.
\symugrf@m=\mathgroup8
LaTeX Font Info:    Overwriting symbol font `ugrf@m' in version `bold'
(Font)                  U/eur/m/n --> U/eur/b/n on input line 38.
)
("C:\Users\grewenig\AppData\Local\Programs\MiKTeX 2.9\tex/latex/float\float.sty
"
Package: float 2001/11/08 v1.3d Float enhancements (AL)
\c@float@type=\count127
\float@exts=\toks29
\float@box=\box43
\@float@everytoks=\toks30
\@floatcapt=\box44
)
("C:\Users\grewenig\AppData\Local\Programs\MiKTeX 2.9\tex/generic/xypic\xy.tex"
Bootstrap'ing: catcodes, docmode,
("C:\Users\grewenig\AppData\Local\Programs\MiKTeX 2.9\tex/generic/xypic\xyrecat
.tex")
("C:\Users\grewenig\AppData\Local\Programs\MiKTeX 2.9\tex/generic/xypic\xyidiom
s.tex")

 Xy-pic version 3.8.9 <2013/10/06>
 Copyright (c) 1991-2013 by Kristoffer H. Rose <krisrose@tug.org> and others
 Xy-pic is free software: see the User's Guide for details.

Loading kernel: messages; fonts; allocations: state,
\X@c=\dimen131
\Y@c=\dimen132
\U@c=\dimen133
\D@c=\dimen134
\L@c=\dimen135
\R@c=\dimen136
\Edge@c=\toks31
\X@p=\dimen137
\Y@p=\dimen138
\U@p=\dimen139
\D@p=\dimen140
\L@p=\dimen141
\R@p=\dimen142
\Edge@p=\toks32
\X@origin=\dimen143
\Y@origin=\dimen144
\X@xbase=\dimen145
\Y@xbase=\dimen146
\X@ybase=\dimen147
\Y@ybase=\dimen148
\X@min=\dimen149
\Y@min=\dimen150
\X@max=\dimen151
\Y@max=\dimen152
\lastobjectbox@=\box45
\zerodotbox@=\box46
\almostz@=\dimen153
 direction,
\d@X=\dimen154
\d@Y=\dimen155
\K@=\count128
\KK@=\count129
\Direction=\count130
\K@dXdY=\dimen156
\K@dYdX=\dimen157
\xyread@=\read2
\xywrite@=\write5
\csp@=\count131
\quotPTK@=\dimen158

utility macros; pictures: \xy, positions,
\swaptoks@@=\toks33
\connectobjectbox@@=\box47
 objects,
\styletoks@=\toks34
 decorations;
kernel objects: directionals, circles, text; options; algorithms: directions,
edges, connections;  Xy-pic loaded)
("C:\Users\grewenig\AppData\Local\Programs\MiKTeX 2.9\tex/generic/xypic\xyall.t
ex"  Xy-pic option: All features v.3.8
("C:\Users\grewenig\AppData\Local\Programs\MiKTeX 2.9\tex/generic/xypic\xycurve
.tex"  Xy-pic option: Curve and Spline extension v.3.12 curve,
\crv@cnt@=\count132
\crvpts@=\toks35
\splinebox@=\box48
\splineval@=\dimen159
\splinedepth@=\dimen160
\splinetol@=\dimen161
\splinelength@=\dimen162
 circles,
\L@=\dimen163
 loaded)
("C:\Users\grewenig\AppData\Local\Programs\MiKTeX 2.9\tex/generic/xypic\xyframe
.tex"  Xy-pic option: Frame and Bracket extension v.3.14 loaded)
("C:\Users\grewenig\AppData\Local\Programs\MiKTeX 2.9\tex/generic/xypic\xycmtip
.tex"  Xy-pic option: Computer Modern tip extension v.3.7
("C:\Users\grewenig\AppData\Local\Programs\MiKTeX 2.9\tex/generic/xypic\xytips.
tex"  Xy-pic option: More Tips extension v.3.11 loaded) loaded)
("C:\Users\grewenig\AppData\Local\Programs\MiKTeX 2.9\tex/generic/xypic\xyline.
tex"  Xy-pic option: Line styles extension v.3.10
\xylinethick@=\dimen164
 loaded)
("C:\Users\grewenig\AppData\Local\Programs\MiKTeX 2.9\tex/generic/xypic\xyrotat
e.tex"  Xy-pic option: Rotate and Scale extension v.3.8 loaded)
("C:\Users\grewenig\AppData\Local\Programs\MiKTeX 2.9\tex/generic/xypic\xycolor
.tex"  Xy-pic option: Colour extension v.3.11 loaded)
("C:\Users\grewenig\AppData\Local\Programs\MiKTeX 2.9\tex/generic/xypic\xymatri
x.tex"  Xy-pic option: Matrix feature v.3.14
\Row=\count133
\Col=\count134
\queue@=\toks36
\queue@@=\toks37
\qcount@=\count135
\qcount@@=\count136
\matrixsize@=\count137
 loaded)
("C:\Users\grewenig\AppData\Local\Programs\MiKTeX 2.9\tex/generic/xypic\xyarrow
.tex"  Xy-pic option: Arrow and Path feature v.3.9 path, \ar, loaded)
("C:\Users\grewenig\AppData\Local\Programs\MiKTeX 2.9\tex/generic/xypic\xygraph
.tex"  Xy-pic option: Graph feature v.3.11 loaded) loaded)
("C:\Users\grewenig\AppData\Local\Programs\MiKTeX 2.9\tex/latex/pgfplots\pgfplo
ts.sty"
("C:\Users\grewenig\AppData\Local\Programs\MiKTeX 2.9\tex/generic/pgfplots\pgfp
lots.revision.tex")
Package: pgfplots 2020/02/29 v1.17 Data Visualization (1.17)

("C:\Users\grewenig\AppData\Local\Programs\MiKTeX 2.9\tex/latex/pgf/frontendlay
er\tikz.sty"
("C:\Users\grewenig\AppData\Local\Programs\MiKTeX 2.9\tex/latex/pgf/basiclayer\
pgf.sty"
("C:\Users\grewenig\AppData\Local\Programs\MiKTeX 2.9\tex/latex/pgf/utilities\p
gfrcs.sty"
("C:\Users\grewenig\AppData\Local\Programs\MiKTeX 2.9\tex/generic/pgf/utilities
\pgfutil-common.tex"
\pgfutil@everybye=\toks38
\pgfutil@tempdima=\dimen165
\pgfutil@tempdimb=\dimen166

("C:\Users\grewenig\AppData\Local\Programs\MiKTeX 2.9\tex/generic/pgf/utilities
\pgfutil-common-lists.tex"))
("C:\Users\grewenig\AppData\Local\Programs\MiKTeX 2.9\tex/generic/pgf/utilities
\pgfutil-latex.def"
\pgfutil@abb=\box49

("C:\Users\grewenig\AppData\Local\Programs\MiKTeX 2.9\tex/latex/ms\everyshi.sty
"
Package: everyshi 2001/05/15 v3.00 EveryShipout Package (MS)
))
("C:\Users\grewenig\AppData\Local\Programs\MiKTeX 2.9\tex/generic/pgf/utilities
\pgfrcs.code.tex"
("C:\Users\grewenig\AppData\Local\Programs\MiKTeX 2.9\tex/generic/pgf\pgf.revis
ion.tex")
Package: pgfrcs 2020/01/08 v3.1.5b (3.1.5b)
))
Package: pgf 2020/01/08 v3.1.5b (3.1.5b)

("C:\Users\grewenig\AppData\Local\Programs\MiKTeX 2.9\tex/latex/pgf/basiclayer\
pgfcore.sty"
("C:\Users\grewenig\AppData\Local\Programs\MiKTeX 2.9\tex/latex/pgf/systemlayer
\pgfsys.sty"
("C:\Users\grewenig\AppData\Local\Programs\MiKTeX 2.9\tex/generic/pgf/systemlay
er\pgfsys.code.tex"
Package: pgfsys 2020/01/08 v3.1.5b (3.1.5b)

("C:\Users\grewenig\AppData\Local\Programs\MiKTeX 2.9\tex/generic/pgf/utilities
\pgfkeys.code.tex"
\pgfkeys@pathtoks=\toks39
\pgfkeys@temptoks=\toks40

("C:\Users\grewenig\AppData\Local\Programs\MiKTeX 2.9\tex/generic/pgf/utilities
\pgfkeysfiltered.code.tex"
\pgfkeys@tmptoks=\toks41
))
\pgf@x=\dimen167
\pgf@y=\dimen168
\pgf@xa=\dimen169
\pgf@ya=\dimen170
\pgf@xb=\dimen171
\pgf@yb=\dimen172
\pgf@xc=\dimen173
\pgf@yc=\dimen174
\pgf@xd=\dimen175
\pgf@yd=\dimen176
\w@pgf@writea=\write6
\r@pgf@reada=\read3
\c@pgf@counta=\count138
\c@pgf@countb=\count139
\c@pgf@countc=\count140
\c@pgf@countd=\count141
\t@pgf@toka=\toks42
\t@pgf@tokb=\toks43
\t@pgf@tokc=\toks44
\pgf@sys@id@count=\count142

("C:\Users\grewenig\AppData\Local\Programs\MiKTeX 2.9\tex/generic/pgf/systemlay
er\pgf.cfg"
File: pgf.cfg 2020/01/08 v3.1.5b (3.1.5b)
)
Driver file for pgf: pgfsys-pdftex.def

("C:\Users\grewenig\AppData\Local\Programs\MiKTeX 2.9\tex/generic/pgf/systemlay
er\pgfsys-pdftex.def"
File: pgfsys-pdftex.def 2020/01/08 v3.1.5b (3.1.5b)

("C:\Users\grewenig\AppData\Local\Programs\MiKTeX 2.9\tex/generic/pgf/systemlay
er\pgfsys-common-pdf.def"
File: pgfsys-common-pdf.def 2020/01/08 v3.1.5b (3.1.5b)
)))
("C:\Users\grewenig\AppData\Local\Programs\MiKTeX 2.9\tex/generic/pgf/systemlay
er\pgfsyssoftpath.code.tex"
File: pgfsyssoftpath.code.tex 2020/01/08 v3.1.5b (3.1.5b)
\pgfsyssoftpath@smallbuffer@items=\count143
\pgfsyssoftpath@bigbuffer@items=\count144
)
("C:\Users\grewenig\AppData\Local\Programs\MiKTeX 2.9\tex/generic/pgf/systemlay
er\pgfsysprotocol.code.tex"
File: pgfsysprotocol.code.tex 2020/01/08 v3.1.5b (3.1.5b)
))
("C:\Users\grewenig\AppData\Local\Programs\MiKTeX 2.9\tex/generic/pgf/basiclaye
r\pgfcore.code.tex"
Package: pgfcore 2020/01/08 v3.1.5b (3.1.5b)

("C:\Users\grewenig\AppData\Local\Programs\MiKTeX 2.9\tex/generic/pgf/math\pgfm
ath.code.tex"
("C:\Users\grewenig\AppData\Local\Programs\MiKTeX 2.9\tex/generic/pgf/math\pgfm
athcalc.code.tex"
("C:\Users\grewenig\AppData\Local\Programs\MiKTeX 2.9\tex/generic/pgf/math\pgfm
athutil.code.tex")
("C:\Users\grewenig\AppData\Local\Programs\MiKTeX 2.9\tex/generic/pgf/math\pgfm
athparser.code.tex"
\pgfmath@dimen=\dimen177
\pgfmath@count=\count145
\pgfmath@box=\box50
\pgfmath@toks=\toks45
\pgfmath@stack@operand=\toks46
\pgfmath@stack@operation=\toks47
)
("C:\Users\grewenig\AppData\Local\Programs\MiKTeX 2.9\tex/generic/pgf/math\pgfm
athfunctions.code.tex"
("C:\Users\grewenig\AppData\Local\Programs\MiKTeX 2.9\tex/generic/pgf/math\pgfm
athfunctions.basic.code.tex")
("C:\Users\grewenig\AppData\Local\Programs\MiKTeX 2.9\tex/generic/pgf/math\pgfm
athfunctions.trigonometric.code.tex")
("C:\Users\grewenig\AppData\Local\Programs\MiKTeX 2.9\tex/generic/pgf/math\pgfm
athfunctions.random.code.tex")
("C:\Users\grewenig\AppData\Local\Programs\MiKTeX 2.9\tex/generic/pgf/math\pgfm
athfunctions.comparison.code.tex")
("C:\Users\grewenig\AppData\Local\Programs\MiKTeX 2.9\tex/generic/pgf/math\pgfm
athfunctions.base.code.tex")
("C:\Users\grewenig\AppData\Local\Programs\MiKTeX 2.9\tex/generic/pgf/math\pgfm
athfunctions.round.code.tex")
("C:\Users\grewenig\AppData\Local\Programs\MiKTeX 2.9\tex/generic/pgf/math\pgfm
athfunctions.misc.code.tex")
("C:\Users\grewenig\AppData\Local\Programs\MiKTeX 2.9\tex/generic/pgf/math\pgfm
athfunctions.integerarithmetics.code.tex")))
("C:\Users\grewenig\AppData\Local\Programs\MiKTeX 2.9\tex/generic/pgf/math\pgfm
athfloat.code.tex"
\c@pgfmathroundto@lastzeros=\count146
))
("C:\Users\grewenig\AppData\Local\Programs\MiKTeX 2.9\tex/generic/pgf/math\pgfi
nt.code.tex")
("C:\Users\grewenig\AppData\Local\Programs\MiKTeX 2.9\tex/generic/pgf/basiclaye
r\pgfcorepoints.code.tex"
File: pgfcorepoints.code.tex 2020/01/08 v3.1.5b (3.1.5b)
\pgf@picminx=\dimen178
\pgf@picmaxx=\dimen179
\pgf@picminy=\dimen180
\pgf@picmaxy=\dimen181
\pgf@pathminx=\dimen182
\pgf@pathmaxx=\dimen183
\pgf@pathminy=\dimen184
\pgf@pathmaxy=\dimen185
\pgf@xx=\dimen186
\pgf@xy=\dimen187
\pgf@yx=\dimen188
\pgf@yy=\dimen189
\pgf@zx=\dimen190
\pgf@zy=\dimen191
)
("C:\Users\grewenig\AppData\Local\Programs\MiKTeX 2.9\tex/generic/pgf/basiclaye
r\pgfcorepathconstruct.code.tex"
File: pgfcorepathconstruct.code.tex 2020/01/08 v3.1.5b (3.1.5b)
\pgf@path@lastx=\dimen192
\pgf@path@lasty=\dimen193
)
("C:\Users\grewenig\AppData\Local\Programs\MiKTeX 2.9\tex/generic/pgf/basiclaye
r\pgfcorepathusage.code.tex"
File: pgfcorepathusage.code.tex 2020/01/08 v3.1.5b (3.1.5b)
\pgf@shorten@end@additional=\dimen194
\pgf@shorten@start@additional=\dimen195
)
("C:\Users\grewenig\AppData\Local\Programs\MiKTeX 2.9\tex/generic/pgf/basiclaye
r\pgfcorescopes.code.tex"
File: pgfcorescopes.code.tex 2020/01/08 v3.1.5b (3.1.5b)
\pgfpic=\box51
\pgf@hbox=\box52
\pgf@layerbox@main=\box53
\pgf@picture@serial@count=\count147
)
("C:\Users\grewenig\AppData\Local\Programs\MiKTeX 2.9\tex/generic/pgf/basiclaye
r\pgfcoregraphicstate.code.tex"
File: pgfcoregraphicstate.code.tex 2020/01/08 v3.1.5b (3.1.5b)
\pgflinewidth=\dimen196
)
("C:\Users\grewenig\AppData\Local\Programs\MiKTeX 2.9\tex/generic/pgf/basiclaye
r\pgfcoretransformations.code.tex"
File: pgfcoretransformations.code.tex 2020/01/08 v3.1.5b (3.1.5b)
\pgf@pt@x=\dimen197
\pgf@pt@y=\dimen198
\pgf@pt@temp=\dimen199
)
("C:\Users\grewenig\AppData\Local\Programs\MiKTeX 2.9\tex/generic/pgf/basiclaye
r\pgfcorequick.code.tex"
File: pgfcorequick.code.tex 2020/01/08 v3.1.5b (3.1.5b)
)
("C:\Users\grewenig\AppData\Local\Programs\MiKTeX 2.9\tex/generic/pgf/basiclaye
r\pgfcoreobjects.code.tex"
File: pgfcoreobjects.code.tex 2020/01/08 v3.1.5b (3.1.5b)
)
("C:\Users\grewenig\AppData\Local\Programs\MiKTeX 2.9\tex/generic/pgf/basiclaye
r\pgfcorepathprocessing.code.tex"
File: pgfcorepathprocessing.code.tex 2020/01/08 v3.1.5b (3.1.5b)
)
("C:\Users\grewenig\AppData\Local\Programs\MiKTeX 2.9\tex/generic/pgf/basiclaye
r\pgfcorearrows.code.tex"
File: pgfcorearrows.code.tex 2020/01/08 v3.1.5b (3.1.5b)
\pgfarrowsep=\dimen256
)
("C:\Users\grewenig\AppData\Local\Programs\MiKTeX 2.9\tex/generic/pgf/basiclaye
r\pgfcoreshade.code.tex"
File: pgfcoreshade.code.tex 2020/01/08 v3.1.5b (3.1.5b)
\pgf@max=\dimen257
\pgf@sys@shading@range@num=\count148
\pgf@shadingcount=\count149
)
("C:\Users\grewenig\AppData\Local\Programs\MiKTeX 2.9\tex/generic/pgf/basiclaye
r\pgfcoreimage.code.tex"
File: pgfcoreimage.code.tex 2020/01/08 v3.1.5b (3.1.5b)

("C:\Users\grewenig\AppData\Local\Programs\MiKTeX 2.9\tex/generic/pgf/basiclaye
r\pgfcoreexternal.code.tex"
File: pgfcoreexternal.code.tex 2020/01/08 v3.1.5b (3.1.5b)
\pgfexternal@startupbox=\box54
))
("C:\Users\grewenig\AppData\Local\Programs\MiKTeX 2.9\tex/generic/pgf/basiclaye
r\pgfcorelayers.code.tex"
File: pgfcorelayers.code.tex 2020/01/08 v3.1.5b (3.1.5b)
)
("C:\Users\grewenig\AppData\Local\Programs\MiKTeX 2.9\tex/generic/pgf/basiclaye
r\pgfcoretransparency.code.tex"
File: pgfcoretransparency.code.tex 2020/01/08 v3.1.5b (3.1.5b)
)
("C:\Users\grewenig\AppData\Local\Programs\MiKTeX 2.9\tex/generic/pgf/basiclaye
r\pgfcorepatterns.code.tex"
File: pgfcorepatterns.code.tex 2020/01/08 v3.1.5b (3.1.5b)
)
("C:\Users\grewenig\AppData\Local\Programs\MiKTeX 2.9\tex/generic/pgf/basiclaye
r\pgfcorerdf.code.tex"
File: pgfcorerdf.code.tex 2020/01/08 v3.1.5b (3.1.5b)
)))
("C:\Users\grewenig\AppData\Local\Programs\MiKTeX 2.9\tex/generic/pgf/modules\p
gfmoduleshapes.code.tex"
File: pgfmoduleshapes.code.tex 2020/01/08 v3.1.5b (3.1.5b)
\pgfnodeparttextbox=\box55
)
("C:\Users\grewenig\AppData\Local\Programs\MiKTeX 2.9\tex/generic/pgf/modules\p
gfmoduleplot.code.tex"
File: pgfmoduleplot.code.tex 2020/01/08 v3.1.5b (3.1.5b)
)
("C:\Users\grewenig\AppData\Local\Programs\MiKTeX 2.9\tex/latex/pgf/compatibili
ty\pgfcomp-version-0-65.sty"
Package: pgfcomp-version-0-65 2020/01/08 v3.1.5b (3.1.5b)
\pgf@nodesepstart=\dimen258
\pgf@nodesepend=\dimen259
)
("C:\Users\grewenig\AppData\Local\Programs\MiKTeX 2.9\tex/latex/pgf/compatibili
ty\pgfcomp-version-1-18.sty"
Package: pgfcomp-version-1-18 2020/01/08 v3.1.5b (3.1.5b)
))
("C:\Users\grewenig\AppData\Local\Programs\MiKTeX 2.9\tex/latex/pgf/utilities\p
gffor.sty"
("C:\Users\grewenig\AppData\Local\Programs\MiKTeX 2.9\tex/latex/pgf/utilities\p
gfkeys.sty"
("C:\Users\grewenig\AppData\Local\Programs\MiKTeX 2.9\tex/generic/pgf/utilities
\pgfkeys.code.tex"))
("C:\Users\grewenig\AppData\Local\Programs\MiKTeX 2.9\tex/latex/pgf/math\pgfmat
h.sty"
("C:\Users\grewenig\AppData\Local\Programs\MiKTeX 2.9\tex/generic/pgf/math\pgfm
ath.code.tex"))
("C:\Users\grewenig\AppData\Local\Programs\MiKTeX 2.9\tex/generic/pgf/utilities
\pgffor.code.tex"
Package: pgffor 2020/01/08 v3.1.5b (3.1.5b)

("C:\Users\grewenig\AppData\Local\Programs\MiKTeX 2.9\tex/generic/pgf/math\pgfm
ath.code.tex")
\pgffor@iter=\dimen260
\pgffor@skip=\dimen261
\pgffor@stack=\toks48
\pgffor@toks=\toks49
))
("C:\Users\grewenig\AppData\Local\Programs\MiKTeX 2.9\tex/generic/pgf/frontendl
ayer/tikz\tikz.code.tex"
Package: tikz 2020/01/08 v3.1.5b (3.1.5b)

("C:\Users\grewenig\AppData\Local\Programs\MiKTeX 2.9\tex/generic/pgf/libraries
\pgflibraryplothandlers.code.tex"
File: pgflibraryplothandlers.code.tex 2020/01/08 v3.1.5b (3.1.5b)
\pgf@plot@mark@count=\count150
\pgfplotmarksize=\dimen262
)
\tikz@lastx=\dimen263
\tikz@lasty=\dimen264
\tikz@lastxsaved=\dimen265
\tikz@lastysaved=\dimen266
\tikz@lastmovetox=\dimen267
\tikz@lastmovetoy=\dimen268
\tikzleveldistance=\dimen269
\tikzsiblingdistance=\dimen270
\tikz@figbox=\box56
\tikz@figbox@bg=\box57
\tikz@tempbox=\box58
\tikz@tempbox@bg=\box59
\tikztreelevel=\count151
\tikznumberofchildren=\count152
\tikznumberofcurrentchild=\count153
\tikz@fig@count=\count154

("C:\Users\grewenig\AppData\Local\Programs\MiKTeX 2.9\tex/generic/pgf/modules\p
gfmodulematrix.code.tex"
File: pgfmodulematrix.code.tex 2020/01/08 v3.1.5b (3.1.5b)
\pgfmatrixcurrentrow=\count155
\pgfmatrixcurrentcolumn=\count156
\pgf@matrix@numberofcolumns=\count157
)
\tikz@expandcount=\count158

("C:\Users\grewenig\AppData\Local\Programs\MiKTeX 2.9\tex/generic/pgf/frontendl
ayer/tikz/libraries\tikzlibrarytopaths.code.tex"
File: tikzlibrarytopaths.code.tex 2020/01/08 v3.1.5b (3.1.5b)
)))
("C:\Users\grewenig\AppData\Local\Programs\MiKTeX 2.9\tex/generic/pgfplots\pgfp
lots.code.tex"
("C:\Users\grewenig\AppData\Local\Programs\MiKTeX 2.9\tex/generic/pgfplots\pgfp
lotscore.code.tex"
\t@pgfplots@toka=\toks50
\t@pgfplots@tokb=\toks51
\t@pgfplots@tokc=\toks52
\pgfplots@tmpa=\dimen271
\c@pgfplots@coordindex=\count159
\c@pgfplots@scanlineindex=\count160

("C:\Users\grewenig\AppData\Local\Programs\MiKTeX 2.9\tex/generic/pgfplots/sys\
pgfplotssysgeneric.code.tex"))
("C:\Users\grewenig\AppData\Local\Programs\MiKTeX 2.9\tex/generic/pgfplots/libs
\pgfplotslibrary.code.tex")
("C:\Users\grewenig\AppData\Local\Programs\MiKTeX 2.9\tex/generic/pgfplots/oldp
gfcompatib\pgfplotsoldpgfsupp_loader.code.tex"
("C:\Users\grewenig\AppData\Local\Programs\MiKTeX 2.9\tex/generic/pgf/libraries
\pgflibraryfpu.code.tex"))
("C:\Users\grewenig\AppData\Local\Programs\MiKTeX 2.9\tex/generic/pgfplots/util
\pgfplotsutil.code.tex"
("C:\Users\grewenig\AppData\Local\Programs\MiKTeX 2.9\tex/generic/pgfplots/list
structure\pgfplotsliststructure.code.tex")
("C:\Users\grewenig\AppData\Local\Programs\MiKTeX 2.9\tex/generic/pgfplots/list
structure\pgfplotsliststructureext.code.tex")
("C:\Users\grewenig\AppData\Local\Programs\MiKTeX 2.9\tex/generic/pgfplots/list
structure\pgfplotsarray.code.tex"
\c@pgfplotsarray@tmp=\count161
)
("C:\Users\grewenig\AppData\Local\Programs\MiKTeX 2.9\tex/generic/pgfplots/list
structure\pgfplotsmatrix.code.tex")
("C:\Users\grewenig\AppData\Local\Programs\MiKTeX 2.9\tex/generic/pgfplots/numt
able\pgfplotstableshared.code.tex"
\c@pgfplotstable@counta=\count162
\t@pgfplotstable@a=\toks53
)
("C:\Users\grewenig\AppData\Local\Programs\MiKTeX 2.9\tex/generic/pgfplots/list
structure\pgfplotsdeque.code.tex")
("C:\Users\grewenig\AppData\Local\Programs\MiKTeX 2.9\tex/generic/pgfplots/util
\pgfplotsbinary.code.tex"
("C:\Users\grewenig\AppData\Local\Programs\MiKTeX 2.9\tex/generic/pgfplots/util
\pgfplotsbinary.data.code.tex"))
("C:\Users\grewenig\AppData\Local\Programs\MiKTeX 2.9\tex/generic/pgfplots/util
\pgfplotsutil.verb.code.tex")
("C:\Users\grewenig\AppData\Local\Programs\MiKTeX 2.9\tex/generic/pgfplots/libs
\pgflibrarypgfplots.surfshading.code.tex"
\c@pgfplotslibrarysurf@no=\count163

("C:\Users\grewenig\AppData\Local\Programs\MiKTeX 2.9\tex/generic/pgfplots/sys\
pgflibrarypgfplots.surfshading.pgfsys-pdftex.def")))
("C:\Users\grewenig\AppData\Local\Programs\MiKTeX 2.9\tex/generic/pgfplots/util
\pgfplotscolormap.code.tex"
("C:\Users\grewenig\AppData\Local\Programs\MiKTeX 2.9\tex/generic/pgfplots/util
\pgfplotscolor.code.tex"))
("C:\Users\grewenig\AppData\Local\Programs\MiKTeX 2.9\tex/generic/pgfplots\pgfp
lotsstackedplots.code.tex")
("C:\Users\grewenig\AppData\Local\Programs\MiKTeX 2.9\tex/generic/pgfplots\pgfp
lotsplothandlers.code.tex"
("C:\Users\grewenig\AppData\Local\Programs\MiKTeX 2.9\tex/generic/pgfplots\pgfp
lotsmeshplothandler.code.tex"
("C:\Users\grewenig\AppData\Local\Programs\MiKTeX 2.9\tex/generic/pgfplots\pgfp
lotsmeshplotimage.code.tex")))
("C:\Users\grewenig\AppData\Local\Programs\MiKTeX 2.9\tex/generic/pgfplots\pgfp
lots.scaling.code.tex")
("C:\Users\grewenig\AppData\Local\Programs\MiKTeX 2.9\tex/generic/pgfplots\pgfp
lotscoordprocessing.code.tex")
("C:\Users\grewenig\AppData\Local\Programs\MiKTeX 2.9\tex/generic/pgfplots\pgfp
lots.errorbars.code.tex")
("C:\Users\grewenig\AppData\Local\Programs\MiKTeX 2.9\tex/generic/pgfplots\pgfp
lots.markers.code.tex")
("C:\Users\grewenig\AppData\Local\Programs\MiKTeX 2.9\tex/generic/pgfplots\pgfp
lotsticks.code.tex")
("C:\Users\grewenig\AppData\Local\Programs\MiKTeX 2.9\tex/generic/pgfplots\pgfp
lots.paths.code.tex")
("C:\Users\grewenig\AppData\Local\Programs\MiKTeX 2.9\tex/generic/pgf/frontendl
ayer/tikz/libraries\tikzlibrarydecorations.code.tex"
("C:\Users\grewenig\AppData\Local\Programs\MiKTeX 2.9\tex/generic/pgf/modules\p
gfmoduledecorations.code.tex"
\pgfdecoratedcompleteddistance=\dimen272
\pgfdecoratedremainingdistance=\dimen273
\pgfdecoratedinputsegmentcompleteddistance=\dimen274
\pgfdecoratedinputsegmentremainingdistance=\dimen275
\pgf@decorate@distancetomove=\dimen276
\pgf@decorate@repeatstate=\count164
\pgfdecorationsegmentamplitude=\dimen277
\pgfdecorationsegmentlength=\dimen278
)
\tikz@lib@dec@box=\box60
)
("C:\Users\grewenig\AppData\Local\Programs\MiKTeX 2.9\tex/generic/pgf/frontendl
ayer/tikz/libraries\tikzlibrarydecorations.pathmorphing.code.tex"
("C:\Users\grewenig\AppData\Local\Programs\MiKTeX 2.9\tex/generic/pgf/libraries
/decorations\pgflibrarydecorations.pathmorphing.code.tex"))
("C:\Users\grewenig\AppData\Local\Programs\MiKTeX 2.9\tex/generic/pgf/frontendl
ayer/tikz/libraries\tikzlibrarydecorations.pathreplacing.code.tex"
("C:\Users\grewenig\AppData\Local\Programs\MiKTeX 2.9\tex/generic/pgf/libraries
/decorations\pgflibrarydecorations.pathreplacing.code.tex"))
\pgfplots@numplots=\count165
\pgfplots@xmin@reg=\dimen279
\pgfplots@xmax@reg=\dimen280
\pgfplots@ymin@reg=\dimen281
\pgfplots@ymax@reg=\dimen282
\pgfplots@zmin@reg=\dimen283
\pgfplots@zmax@reg=\dimen284
)
("C:\Users\grewenig\AppData\Local\Programs\MiKTeX 2.9\tex/generic/pgf/frontendl
ayer/tikz/libraries\tikzlibraryplotmarks.code.tex"
File: tikzlibraryplotmarks.code.tex 2020/01/08 v3.1.5b (3.1.5b)

("C:\Users\grewenig\AppData\Local\Programs\MiKTeX 2.9\tex/generic/pgf/libraries
\pgflibraryplotmarks.code.tex"
File: pgflibraryplotmarks.code.tex 2020/01/08 v3.1.5b (3.1.5b)
)))
("C:\Users\grewenig\AppData\Local\Programs\MiKTeX 2.9\tex/latex/caption\subcapt
ion.sty"
Package: subcaption 2020/01/22 v1.3d Sub-captions (AR)

("C:\Users\grewenig\AppData\Local\Programs\MiKTeX 2.9\tex/latex/caption\caption
.sty"
Package: caption 2020/05/30 v3.4k Customizing captions (AR)

("C:\Users\grewenig\AppData\Local\Programs\MiKTeX 2.9\tex/latex/caption\caption
3.sty"
Package: caption3 2020/05/30 v1.12 caption3 kernel (AR)
Package caption3 Info: TeX engine: e-TeX on input line 61.
\captionmargin=\dimen285
\captionmargin@=\dimen286
\captionwidth=\dimen287
\caption@tempdima=\dimen288
\caption@indent=\dimen289
\caption@parindent=\dimen290
\caption@hangindent=\dimen291
Package caption Info: KOMA-Script document class detected.
)
Package caption Info: KOMA-Script document class.
\c@caption@flags=\count166
\c@continuedfloat=\count167
Package caption Info: float package is loaded.
Package caption Info: hyperref package is loaded.
)
\c@subfigure=\count168
\c@subtable=\count169
)
("C:\Users\grewenig\AppData\Local\Programs\MiKTeX 2.9\tex/latex/listings\listin
gs.sty"
\lst@mode=\count170
\lst@gtempboxa=\box61
\lst@token=\toks54
\lst@length=\count171
\lst@currlwidth=\dimen292
\lst@column=\count172
\lst@pos=\count173
\lst@lostspace=\dimen293
\lst@width=\dimen294
\lst@newlines=\count174
\lst@lineno=\count175
\lst@maxwidth=\dimen295

("C:\Users\grewenig\AppData\Local\Programs\MiKTeX 2.9\tex/latex/listings\lstmis
c.sty"
File: lstmisc.sty 2020/03/24 1.8d (Carsten Heinz)
\c@lstnumber=\count176
\lst@skipnumbers=\count177
\lst@framebox=\box62
)
("C:\Users\grewenig\AppData\Local\Programs\MiKTeX 2.9\tex/latex/listings\listin
gs.cfg"
File: listings.cfg 2020/03/24 1.8d listings configuration
))
Package: listings 2020/03/24 1.8d (Carsten Heinz)

("C:\Users\grewenig\AppData\Local\Programs\MiKTeX 2.9\tex/latex/listings\lstlan
g1.sty"
File: lstlang1.sty 2020/03/24 1.8d listings language file
)
("C:\Users\grewenig\AppData\Local\Programs\MiKTeX 2.9\tex/latex/natbib\natbib.s
ty"
Package: natbib 2010/09/13 8.31b (PWD, AO)
\bibhang=\skip93
\bibsep=\skip94
LaTeX Info: Redefining \cite on input line 694.
\c@NAT@ctr=\count178
)
("C:\Users\grewenig\AppData\Local\Programs\MiKTeX 2.9\tex/generic/pgf/frontendl
ayer/tikz/libraries\tikzlibraryarrows.code.tex"
File: tikzlibraryarrows.code.tex 2020/01/08 v3.1.5b (3.1.5b)

("C:\Users\grewenig\AppData\Local\Programs\MiKTeX 2.9\tex/generic/pgf/libraries
\pgflibraryarrows.code.tex"
File: pgflibraryarrows.code.tex 2020/01/08 v3.1.5b (3.1.5b)
\arrowsize=\dimen296
))
("C:\Users\grewenig\AppData\Local\Programs\MiKTeX 2.9\tex/generic/pgf/frontendl
ayer/tikz/libraries\tikzlibrarybackgrounds.code.tex"
File: tikzlibrarybackgrounds.code.tex 2020/01/08 v3.1.5b (3.1.5b)
\pgf@layerbox@background=\box63
\pgf@layerboxsaved@background=\box64
)
("C:\Users\grewenig\AppData\Local\Programs\MiKTeX 2.9\tex/generic/pgf/frontendl
ayer/tikz/libraries\tikzlibraryfit.code.tex"
File: tikzlibraryfit.code.tex 2020/01/08 v3.1.5b (3.1.5b)
)
("C:\Users\grewenig\AppData\Local\Programs\MiKTeX 2.9\tex/generic/pgf/frontendl
ayer/tikz/libraries\tikzlibrarypositioning.code.tex"
File: tikzlibrarypositioning.code.tex 2020/01/08 v3.1.5b (3.1.5b)
)
("C:\Users\grewenig\AppData\Local\Programs\MiKTeX 2.9\tex/generic/pgf/frontendl
ayer/tikz/libraries\tikzlibraryshapes.symbols.code.tex"
File: tikzlibraryshapes.symbols.code.tex 2020/01/08 v3.1.5b (3.1.5b)

("C:\Users\grewenig\AppData\Local\Programs\MiKTeX 2.9\tex/generic/pgf/libraries
/shapes\pgflibraryshapes.symbols.code.tex"
File: pgflibraryshapes.symbols.code.tex 2020/01/08 v3.1.5b (3.1.5b)
))
("C:\Users\grewenig\AppData\Local\Programs\MiKTeX 2.9\tex/generic/pgf/frontendl
ayer/tikz/libraries\tikzlibrarychains.code.tex"
File: tikzlibrarychains.code.tex 2020/01/08 v3.1.5b (3.1.5b)
) (Master_Thesis.aux)
\openout1 = `Master_Thesis.aux'.

LaTeX Font Info:    Checking defaults for OML/cmm/m/it on input line 102.
LaTeX Font Info:    ... okay on input line 102.
LaTeX Font Info:    Checking defaults for T1/cmr/m/n on input line 102.
LaTeX Font Info:    ... okay on input line 102.
LaTeX Font Info:    Checking defaults for OT1/cmr/m/n on input line 102.
LaTeX Font Info:    ... okay on input line 102.
LaTeX Font Info:    Checking defaults for OMS/cmsy/m/n on input line 102.
LaTeX Font Info:    ... okay on input line 102.
LaTeX Font Info:    Checking defaults for OMX/cmex/m/n on input line 102.
LaTeX Font Info:    ... okay on input line 102.
LaTeX Font Info:    Checking defaults for U/cmr/m/n on input line 102.
LaTeX Font Info:    ... okay on input line 102.
LaTeX Font Info:    Checking defaults for PD1/pdf/m/n on input line 102.
LaTeX Font Info:    ... okay on input line 102.

("C:\Users\grewenig\AppData\Local\Programs\MiKTeX 2.9\tex/context/base/mkii\sup
p-pdf.mkii"
[Loading MPS to PDF converter (version 2006.09.02).]
\scratchcounter=\count179
\scratchdimen=\dimen297
\scratchbox=\box65
\nofMPsegments=\count180
\nofMParguments=\count181
\everyMPshowfont=\toks55
\MPscratchCnt=\count182
\MPscratchDim=\dimen298
\MPnumerator=\count183
\makeMPintoPDFobject=\count184
\everyMPtoPDFconversion=\toks56
)
("C:\Users\grewenig\AppData\Local\Programs\MiKTeX 2.9\tex/latex/oberdiek\epstop
df-base.sty"
Package: epstopdf-base 2016/05/15 v2.6 Base part for package epstopdf

("C:\Users\grewenig\AppData\Local\Programs\MiKTeX 2.9\tex/latex/oberdiek\grfext
.sty"
Package: grfext 2016/05/16 v1.2 Manage graphics extensions (HO)
)
Package epstopdf-base Info: Redefining graphics rule for `.eps' on input line 4
38.
Package grfext Info: Graphics extension search list:
(grfext)             [.pdf,.png,.jpg,.mps,.jpeg,.jbig2,.jb2,.PDF,.PNG,.JPG,.JPE
G,.JBIG2,.JB2,.eps]
(grfext)             \AppendGraphicsExtensions on input line 456.
)
\AtBeginShipoutBox=\box66
Package hyperref Info: Link coloring OFF on input line 102.

("C:\Users\grewenig\AppData\Local\Programs\MiKTeX 2.9\tex/latex/hyperref\namere
f.sty"
Package: nameref 2016/05/21 v2.44 Cross-referencing by name of section

("C:\Users\grewenig\AppData\Local\Programs\MiKTeX 2.9\tex/generic/oberdiek\gett
itlestring.sty"
Package: gettitlestring 2016/05/16 v1.5 Cleanup title references (HO)
)
\c@section@level=\count185
)
LaTeX Info: Redefining \ref on input line 102.
LaTeX Info: Redefining \pageref on input line 102.
LaTeX Info: Redefining \nameref on input line 102.
 (Master_Thesis.out) (Master_Thesis.out)
\@outlinefile=\write7
\openout7 = `Master_Thesis.out'.

Class scrreprt Info: loading recommended package `bookmark'.
(scrreprt)           Using `bookmark' together with `hyperref' is recommended,
(scrreprt)           because of handling of possible bookmark level gaps.
(scrreprt)           You can avoid loading `bookmark' with KOMA-Script option
(scrreprt)           `bookmarkpackage=false' before \begin{document} and
(scrreprt)           you can avoid this message adding:
(scrreprt)             \usepackage{bookmark}
(scrreprt)           before \begin{document} on input line 102.

("C:\Users\grewenig\AppData\Local\Programs\MiKTeX 2.9\tex/latex/oberdiek\bookma
rk.sty"
Package: bookmark 2016/05/17 v1.26 PDF bookmarks (HO)

("C:\Users\grewenig\AppData\Local\Programs\MiKTeX 2.9\tex/latex/oberdiek\bkm-pd
ftex.def"
File: bkm-pdftex.def 2016/05/17 v1.26 bookmark driver for pdfTeX (HO)
Package auxhook Info: \AddLineBeginMainAux comes a little late,
(auxhook)             because the main .aux file is already opened on input lin
e 164.
\BKM@id=\count186
)) ABD: EveryShipout initializing macros
Package pgfplots notification 'compat/show suggested version=true': you might b
enefit from \pgfplotsset{compat=1.17} (current compat level: 1.5).

Package caption Info: Begin \AtBeginDocument code.
Package caption Info: listings package is loaded.
Package caption Info: End \AtBeginDocument code.
\c@lstlisting=\count187
<HS_Logo2.png, id=6, 676.5275pt x 140.525pt>
File: HS_Logo2.png Graphic file (type png)
<use HS_Logo2.png>
Package pdftex.def Info: HS_Logo2.png  used on input line 105.
(pdftex.def)             Requested size: 250.95587pt x 52.12637pt.
[1



{C:/Users/grewenig/AppData/Local/MiKTeX/2.9/pdftex/config/pdftex.map} <./HS_Log
o2.png>]
Underfull \hbox (badness 10000) in paragraph at lines 140--142

 []


Underfull \hbox (badness 10000) in paragraph at lines 140--142

 []


Underfull \hbox (badness 10000) in paragraph at lines 140--142

 []


Underfull \hbox (badness 10000) in paragraph at lines 143--144

 []


Underfull \hbox (badness 10000) in paragraph at lines 143--144

 []


Underfull \hbox (badness 10000) in paragraph at lines 143--144

 []

[2]
Underfull \hbox (badness 10000) in paragraph at lines 148--152

 []


Underfull \hbox (badness 10000) in paragraph at lines 148--152

 []


Overfull \hbox (12.70924pt too wide) in paragraph at lines 148--152
\T1/cmr/m/n/10.95 lich ge-macht wer-den. Dies hat den Vor-teil, das Stu-die-ren
-de in Zu-kunft das Regelungstechnik-
 []

[3]
Underfull \hbox (badness 10000) in paragraph at lines 154--157

 []


Underfull \hbox (badness 10000) in paragraph at lines 154--157

 []

[4]
LaTeX Font Info:    Try loading font information for T1+cmss on input line 160.


("C:\Users\grewenig\AppData\Local\Programs\MiKTeX 2.9\tex/latex/base\t1cmss.fd"
File: t1cmss.fd 2014/09/29 v2.5h Standard LaTeX font definitions
) (Master_Thesis.toc
LaTeX Font Info:    Try loading font information for U+esint on input line 3.

("C:\Users\grewenig\AppData\Local\Programs\MiKTeX 2.9\tex/latex/esint\uesint.fd
"
File: uesint.fd 
)
LaTeX Font Info:    Try loading font information for U+msa on input line 3.

("C:\Users\grewenig\AppData\Local\Programs\MiKTeX 2.9\tex/latex/amsfonts\umsa.f
d"
File: umsa.fd 2013/01/14 v3.01 AMS symbols A
)
LaTeX Font Info:    Try loading font information for U+msb on input line 3.

("C:\Users\grewenig\AppData\Local\Programs\MiKTeX 2.9\tex/latex/amsfonts\umsb.f
d"
File: umsb.fd 2013/01/14 v3.01 AMS symbols B
)
LaTeX Font Info:    Try loading font information for U+rsfs on input line 3.

("C:\Users\grewenig\AppData\Local\Programs\MiKTeX 2.9\tex/latex/jknappen\ursfs.
fd"
File: ursfs.fd 1998/03/24 rsfs font definition file (jk)
))
\tf@toc=\write8
\openout8 = `Master_Thesis.toc'.

 [5



]
chapter 1.

Class scrreprt Warning: \float@addtolists detected!
(scrreprt)              Implementation of \float@addtolist became
(scrreprt)              deprecated in KOMA-Script v3.01 2008/11/14 and
(scrreprt)              has been replaced by several more flexible
(scrreprt)              features of package `tocbasic`.
(scrreprt)              Since Version 3.12 support for deprecated
(scrreprt)              \float@addtolist interface has been
(scrreprt)              restricted to only some of the KOMA-Script
(scrreprt)              features and been removed from others.
(scrreprt)              Loading of package `scrhack' may help to
(scrreprt)              avoid this warning, if you are using a
(scrreprt)              a package that still implements the
(scrreprt)              deprecated \float@addtolist interface.


Underfull \hbox (badness 10000) in paragraph at lines 174--181

 []


Underfull \hbox (badness 10000) in paragraph at lines 174--181

 []


Underfull \hbox (badness 10000) in paragraph at lines 174--181

 []

[6

] [7] (Master_Thesis.lof)
\tf@lof=\write9
\openout9 = `Master_Thesis.lof'.

 [8

] (Master_Thesis.lot)
\tf@lot=\write10
\openout10 = `Master_Thesis.lot'.

 [9

] (Master_Thesis.bbl

Package natbib Warning: Empty `thebibliography' environment on input line 3.

) [10

]
Package atveryend Info: Empty hook `BeforeClearDocument' on input line 225.
Package atveryend Info: Empty hook `AfterLastShipout' on input line 225.
 (Master_Thesis.aux)
Package atveryend Info: Executing hook `AtVeryEndDocument' on input line 225.
Package atveryend Info: Executing hook `AtEndAfterFileList' on input line 225.
Package rerunfilecheck Info: File `Master_Thesis.out' has not changed.
(rerunfilecheck)             Checksum: D41D8CD98F00B204E9800998ECF8427E;0.
Package atveryend Info: Empty hook `AtVeryVeryEnd' on input line 225.
 ) 
Here is how much of TeX's memory you used:
 38829 strings out of 492895
 871452 string characters out of 3122334
 1349048 words of memory out of 3000000
 42023 multiletter control sequences out of 15000+200000
 22539 words of font info for 65 fonts, out of 3000000 for 9000
 1141 hyphenation exceptions out of 8191
 73i,11n,103p,10134b,609s stack positions out of 5000i,500n,10000p,200000b,50000s
 <C:\Users\grewenig\AppData\Local\MiKTeX\2.9\fonts/pk/ljfour/jknappen/ec/dpi6
00\ecsl1095.pk> <C:\Users\grewenig\AppData\Local\MiKTeX\2.9\fonts/pk/ljfour/jkn
appen/ec/dpi600\ecsx1200.pk> <C:\Users\grewenig\AppData\Local\MiKTeX\2.9\fonts/
pk/ljfour/jknappen/ec/dpi600\ecsx1440.pk> <C:\Users\grewenig\AppData\Local\MiKT
eX\2.9\fonts/pk/ljfour/jknappen/ec/dpi600\ecsx1095.pk> <C:\Users\grewenig\AppDa
ta\Local\MiKTeX\2.9\fonts/pk/ljfour/jknappen/ec/dpi600\ecsx2074.pk> <C:\Users\g
rewenig\AppData\Local\MiKTeX\2.9\fonts/pk/ljfour/jknappen/ec/dpi600\ecrm1200.pk
> <C:\Users\grewenig\AppData\Local\MiKTeX\2.9\fonts/pk/ljfour/jknappen/ec/dpi60
0\ecrm1095.pk> <C:\Users\grewenig\AppData\Local\MiKTeX\2.9\fonts/pk/ljfour/jkna
ppen/ec/dpi600\eccc1200.pk> <C:\Users\grewenig\AppData\Local\MiKTeX\2.9\fonts/p
k/ljfour/jknappen/ec/dpi600\ecbx2074.pk> <C:\Users\grewenig\AppData\Local\MiKTe
X\2.9\fonts/pk/ljfour/jknappen/ec/dpi600\eccc1440.pk> <C:\Users\grewenig\AppDat
a\Local\MiKTeX\2.9\fonts/pk/ljfour/jknappen/ec/dpi600\eccc1728.pk>
Output written on Master_Thesis.pdf (10 pages, 137882 bytes).
PDF statistics:
 455 PDF objects out of 1000 (max. 8388607)
 22 named destinations out of 1000 (max. 500000)
 98 words of extra memory for PDF output out of 10000 (max. 10000000)

